<?xml version="1.0" encoding="UTF-8"?>
<!-- Generated by org.testng.reporters.JUnitReportReporter -->
<testsuite hostname="MSI" failures="0" tests="1" name="testCasePages.CreateNewUser" time="46.832" errors="0" timestamp="2025-08-12T13:05:58 IST" skipped="0">
  <testcase classname="testCasePages.CreateNewUser" name="validationCheck" time="46.832"/>
</testsuite> <!-- testCasePages.CreateNewUser -->
